<?xml version="1.0" encoding="UTF-8"?>
<!-- Generated by org.testng.reporters.JUnitReportReporter -->
<testsuite hostname="DESKTOP-AcerAspire7" failures="0" tests="1" name="mavenForJenkins.UITest" time="16.837" errors="0" timestamp="2023-02-07T21:44:46 IST" skipped="0">
  <testcase classname="mavenForJenkins.UITest" name="startBrowser" time="16.837"/>
  <system-out/>
</testsuite> <!-- mavenForJenkins.UITest -->
