<?xml version="1.0" encoding="UTF-8"?>
<!-- Generated by org.testng.reporters.JUnitReportReporter -->
<testsuite hostname="DESKTOP-EHCT037" failures="0" tests="1" name="mavenForJenkins.UITest" time="54.261" errors="0" timestamp="2023-02-06T00:18:51 IST" skipped="0">
  <testcase classname="mavenForJenkins.UITest" name="startBrowser" time="54.261"/>
  <system-out/>
</testsuite> <!-- mavenForJenkins.UITest -->
